[01m[K/home/jegoh/ros2_ws/src/my_cpp_pkg/src/my_first_node.cpp:[m[K In constructor â€˜[01m[KMyNode::[01;32m[KMyNode[m[K()[m[Kâ€™:
[01m[K/home/jegoh/ros2_ws/src/my_cpp_pkg/src/my_first_node.cpp:10:50:[m[K [01;31m[Kerror: [m[Kinvalid use of non-static member function â€˜[01m[Kvoid MyNode::[01;32m[KtimerCallback[m[K()[m[Kâ€™
   10 |                                          [01;31m[KMyNode::timerCallback[m[K);
      |                                          [01;31m[K~~~~~~~~^~~~~~~~~~~~~[m[K
[01m[K/home/jegoh/ros2_ws/src/my_cpp_pkg/src/my_first_node.cpp:14:10:[m[K [01;36m[Knote: [m[Kdeclared here
   14 |     void [01;36m[KtimerCallback[m[K()
      |          [01;36m[K^~~~~~~~~~~~~[m[K
gmake[2]: *** [CMakeFiles/cpp_node.dir/build.make:76: CMakeFiles/cpp_node.dir/src/my_first_node.cpp.o] Error 1
gmake[1]: *** [CMakeFiles/Makefile2:137: CMakeFiles/cpp_node.dir/all] Error 2
gmake: *** [Makefile:146: all] Error 2
