[ 50%] [32mBuilding CXX object CMakeFiles/cpp_node.dir/src/my_first_node.cpp.o[0m
[01m[K/home/jegoh/ros2_ws/src/my_cpp_pkg/src/my_first_node.cpp:[m[K In constructor â€˜[01m[KMyNode::[01;32m[KMyNode[m[K()[m[Kâ€™:
[01m[K/home/jegoh/ros2_ws/src/my_cpp_pkg/src/my_first_node.cpp:29:35:[m[K [01;31m[Kerror: [m[Kâ€˜[01m[KTimerOptions[m[Kâ€™ is not a member of â€˜[01m[Krclcpp[m[Kâ€™; did you mean â€˜[01m[KNodeOptions[m[Kâ€™?
   29 |         auto timer_opts = rclcpp::[01;31m[KTimerOptions[m[K()
      |                                   [01;31m[K^~~~~~~~~~~~[m[K
      |                                   [32m[KNodeOptions[m[K
gmake[2]: *** [CMakeFiles/cpp_node.dir/build.make:76: CMakeFiles/cpp_node.dir/src/my_first_node.cpp.o] Error 1
gmake[1]: *** [CMakeFiles/Makefile2:137: CMakeFiles/cpp_node.dir/all] Error 2
gmake: *** [Makefile:146: all] Error 2
