[01m[K/home/jegoh/ros2_ws/src/my_cpp_pkg/src/my_first_node.cpp:[m[K In constructor â€˜[01m[KMyNode::[01;32m[KMyNode[m[K()[m[Kâ€™:
[01m[K/home/jegoh/ros2_ws/src/my_cpp_pkg/src/my_first_node.cpp:16:43:[m[K [01;31m[Kerror: [m[Kno matching function for call to â€˜[01m[KMyNode::create_timer(std::chrono::seconds, std::_Bind_helper<false, void (MyNode::*)(), MyNode*>::type, std::shared_ptr<rclcpp::Clock>)[m[Kâ€™
   16 |         steady_timer_ = [01;31m[Kthis->create_timer([m[K
      |                         [01;31m[K~~~~~~~~~~~~~~~~~~^[m[K
   17 | [01;31m[K            std::chrono::seconds(1),[m[K
      |             [01;31m[K~~~~~~~~~~~~~~~~~~~~~~~~[m[K       
   18 | [01;31m[K            std::bind(&MyNode::steadyTimerCallback, this),[m[K
      |             [01;31m[K~~~~~~~~~~~~~~~~~~~~~~~~~~~~~~~~~~~~~~~~~~~~~~[m[K
   19 | [01;31m[K            rclcpp::Clock::make_shared(RCL_STEADY_TIME))[m[K;
      |             [01;31m[K~~~~~~~~~~~~~~~~~~~~~~~~~~~~~~~~~~~~~~~~~~~~[m[K
In file included from [01m[K/opt/ros/jazzy/include/rclcpp/rclcpp/executors/single_threaded_executor.hpp:28[m[K,
                 from [01m[K/opt/ros/jazzy/include/rclcpp/rclcpp/executors.hpp:22[m[K,
                 from [01m[K/opt/ros/jazzy/include/rclcpp/rclcpp/rclcpp.hpp:172[m[K,
                 from [01m[K/home/jegoh/ros2_ws/src/my_cpp_pkg/src/my_first_node.cpp:1[m[K:
[01m[K/opt/ros/jazzy/include/rclcpp/rclcpp/node.hpp:255:3:[m[K [01;36m[Knote: [m[Kcandidate: â€˜[01m[Ktemplate<class DurationRepT, class DurationT, class CallbackT> typename rclcpp::GenericTimer<CallbackT>::SharedPtr rclcpp::Node::[01;32m[Kcreate_timer[m[K(std::chrono::duration<_Rep1, _Period1>, CallbackT, rclcpp::CallbackGroup::SharedPtr)[m[Kâ€™
  255 |   [01;36m[Kcreate_timer[m[K(
      |   [01;36m[K^~~~~~~~~~~~[m[K
[01m[K/opt/ros/jazzy/include/rclcpp/rclcpp/node.hpp:255:3:[m[K [01;36m[Knote: [m[K  template argument deduction/substitution failed:
[01m[K/home/jegoh/ros2_ws/src/my_cpp_pkg/src/my_first_node.cpp:19:39:[m[K [01;36m[Knote: [m[K  cannot convert â€˜[01m[Krclcpp::Clock::make_shared(Args&& ...) [with Args = {rcl_clock_type_e}]()[m[Kâ€™ (type â€˜[01m[Kstd::shared_ptr<rclcpp::Clock>[m[Kâ€™) to type â€˜[01m[Krclcpp::CallbackGroup::SharedPtr[m[Kâ€™ {aka â€˜[01m[Kstd::shared_ptr<rclcpp::CallbackGroup>[m[Kâ€™}
   19 |             [01;36m[Krclcpp::Clock::make_shared(RCL_STEADY_TIME)[m[K);
      |             [01;36m[K~~~~~~~~~~~~~~~~~~~~~~~~~~^~~~~~~~~~~~~~~~~[m[K
gmake[2]: *** [CMakeFiles/cpp_node.dir/build.make:76: CMakeFiles/cpp_node.dir/src/my_first_node.cpp.o] Error 1
gmake[1]: *** [CMakeFiles/Makefile2:137: CMakeFiles/cpp_node.dir/all] Error 2
gmake: *** [Makefile:146: all] Error 2
